2025-05-14 13:09:46,656 - git_watcher - INFO - Inicializálás: https://github.com/gabor00/Szakdoga2025
2025-05-14 13:09:46,660 - git_watcher - INFO - Repo klónozása: https://github.com/gabor00/Szakdoga2025 -> /app/repo/cloned-repo
2025-05-14 13:09:47,848 - git_watcher - INFO - Repository sikeresen klónozva
2025-05-14 13:09:47,849 - git_watcher - INFO - Repo útvonal validálva: /app/repo/cloned-repo
2025-05-14 13:09:47,869 - git_watcher - INFO - Git repo sikeresen inicializálva. Aktív branch: master
2025-05-14 13:09:49,542 - git_watcher - INFO - Inicializálás: https://github.com/gabor00/Szakdoga2025
2025-05-14 13:09:49,543 - git_watcher - INFO - Repo útvonal validálva: /app/repo/cloned-repo
2025-05-14 13:09:49,545 - git_watcher - INFO - Git repo sikeresen inicializálva. Aktív branch: master
2025-05-14 13:09:49,663 - watchfiles.main - INFO - 1 change detected
2025-05-14 13:09:50,026 - watchfiles.main - INFO - 1 change detected
2025-05-14 13:09:50,381 - watchfiles.main - INFO - 1 change detected
2025-05-14 13:09:50,440 - git_watcher - INFO - Inicializálás: https://github.com/gabor00/Szakdoga2025
2025-05-14 13:09:50,442 - git_watcher - INFO - Repo útvonal validálva: /app/repo/cloned-repo
2025-05-14 13:09:50,444 - git_watcher - INFO - Git repo sikeresen inicializálva. Aktív branch: master
2025-05-14 13:09:50,452 - main - INFO - Deployment Engine starting up...
2025-05-14 13:09:50,453 - main - ERROR - Startup error: 'GitWatcher' object has no attribute 'start'
2025-05-14 13:09:50,735 - watchfiles.main - INFO - 6 changes detected
2025-05-14 13:09:51,091 - watchfiles.main - INFO - 1 change detected
2025-05-14 13:09:51,598 - watchfiles.main - INFO - 1 change detected
2025-05-14 13:09:52,008 - watchfiles.main - INFO - 1 change detected
2025-05-14 13:09:52,563 - watchfiles.main - INFO - 1 change detected
2025-05-14 13:09:52,970 - watchfiles.main - INFO - 1 change detected
2025-05-14 13:09:53,371 - watchfiles.main - INFO - 1 change detected
2025-05-14 13:09:53,938 - watchfiles.main - INFO - 1 change detected
2025-05-14 13:09:54,346 - watchfiles.main - INFO - 1 change detected
2025-05-14 13:09:54,760 - watchfiles.main - INFO - 1 change detected
2025-05-14 13:09:55,165 - watchfiles.main - INFO - 1 change detected
2025-05-14 13:09:55,571 - watchfiles.main - INFO - 1 change detected
2025-05-14 13:09:56,185 - watchfiles.main - INFO - 1 change detected
2025-05-14 13:09:56,591 - watchfiles.main - INFO - 1 change detected
2025-05-14 13:09:57,009 - watchfiles.main - INFO - 1 change detected
2025-05-14 13:09:57,374 - watchfiles.main - INFO - 1 change detected
2025-05-14 13:09:57,791 - watchfiles.main - INFO - 1 change detected
2025-05-14 13:09:58,155 - watchfiles.main - INFO - 1 change detected
2025-05-14 13:09:58,510 - watchfiles.main - INFO - 1 change detected
2025-05-14 13:09:58,864 - watchfiles.main - INFO - 1 change detected
2025-05-14 13:09:59,322 - watchfiles.main - INFO - 1 change detected
2025-05-14 13:09:59,684 - watchfiles.main - INFO - 1 change detected
2025-05-14 13:10:00,492 - watchfiles.main - INFO - 1 change detected
2025-05-14 13:10:00,857 - watchfiles.main - INFO - 1 change detected
2025-05-14 13:10:01,235 - watchfiles.main - INFO - 1 change detected
2025-05-14 13:10:01,595 - watchfiles.main - INFO - 1 change detected
2025-05-14 13:10:02,098 - watchfiles.main - INFO - 1 change detected
2025-05-14 13:10:02,455 - watchfiles.main - INFO - 1 change detected
2025-05-14 13:10:02,810 - watchfiles.main - INFO - 1 change detected
2025-05-14 13:10:03,164 - watchfiles.main - INFO - 1 change detected
2025-05-14 13:10:03,518 - watchfiles.main - INFO - 1 change detected
2025-05-14 13:10:03,872 - watchfiles.main - INFO - 1 change detected
2025-05-14 13:10:04,227 - watchfiles.main - INFO - 1 change detected
2025-05-14 13:10:04,593 - watchfiles.main - INFO - 1 change detected
2025-05-14 13:10:05,048 - watchfiles.main - INFO - 1 change detected
2025-05-14 13:10:05,406 - watchfiles.main - INFO - 1 change detected
2025-05-14 13:10:05,959 - watchfiles.main - INFO - 1 change detected
2025-05-14 13:10:06,314 - watchfiles.main - INFO - 1 change detected
2025-05-14 13:10:06,669 - watchfiles.main - INFO - 1 change detected
2025-05-14 13:10:07,228 - watchfiles.main - INFO - 1 change detected
2025-05-14 13:10:07,581 - watchfiles.main - INFO - 1 change detected
2025-05-14 13:10:07,936 - watchfiles.main - INFO - 1 change detected
2025-05-14 13:10:08,290 - watchfiles.main - INFO - 1 change detected
2025-05-14 13:10:08,643 - watchfiles.main - INFO - 1 change detected
2025-05-14 13:10:09,146 - watchfiles.main - INFO - 1 change detected
2025-05-14 13:10:09,506 - watchfiles.main - INFO - 1 change detected
2025-05-14 13:10:10,012 - watchfiles.main - INFO - 1 change detected
2025-05-14 13:10:10,421 - watchfiles.main - INFO - 1 change detected
2025-05-14 13:10:10,836 - watchfiles.main - INFO - 1 change detected
2025-05-14 13:10:11,191 - watchfiles.main - INFO - 1 change detected
2025-05-14 13:10:11,644 - watchfiles.main - INFO - 1 change detected
2025-05-14 13:10:12,055 - watchfiles.main - INFO - 1 change detected
2025-05-14 13:10:12,469 - watchfiles.main - INFO - 1 change detected
2025-05-14 13:10:12,835 - watchfiles.main - INFO - 1 change detected
2025-05-14 13:10:13,239 - watchfiles.main - INFO - 1 change detected
2025-05-14 13:10:13,654 - watchfiles.main - INFO - 1 change detected
2025-05-14 13:10:14,021 - watchfiles.main - INFO - 1 change detected
2025-05-14 13:10:14,384 - watchfiles.main - INFO - 1 change detected
2025-05-14 13:10:14,736 - watchfiles.main - INFO - 1 change detected
2025-05-14 13:10:15,101 - watchfiles.main - INFO - 1 change detected
2025-05-14 13:10:15,454 - watchfiles.main - INFO - 1 change detected
2025-05-14 13:10:15,821 - watchfiles.main - INFO - 1 change detected
2025-05-14 13:10:16,186 - watchfiles.main - INFO - 1 change detected
2025-05-14 13:10:16,550 - watchfiles.main - INFO - 1 change detected
2025-05-14 13:10:16,915 - watchfiles.main - INFO - 1 change detected
2025-05-14 13:10:17,319 - watchfiles.main - INFO - 1 change detected
2025-05-14 13:10:17,735 - watchfiles.main - INFO - 1 change detected
2025-05-14 13:10:18,102 - watchfiles.main - INFO - 1 change detected
2025-05-14 13:10:18,455 - watchfiles.main - INFO - 1 change detected
2025-05-14 13:10:19,265 - watchfiles.main - INFO - 1 change detected
2025-05-14 13:10:19,631 - watchfiles.main - INFO - 1 change detected
2025-05-14 13:10:19,987 - watchfiles.main - INFO - 1 change detected
2025-05-14 13:10:20,353 - watchfiles.main - INFO - 1 change detected
2025-05-14 13:10:20,709 - watchfiles.main - INFO - 1 change detected
2025-05-14 13:10:21,164 - watchfiles.main - INFO - 1 change detected
2025-05-14 13:10:21,526 - watchfiles.main - INFO - 1 change detected
2025-05-14 13:10:42,753 - watchfiles.main - INFO - 1 change detected
2025-05-14 13:10:43,112 - watchfiles.main - INFO - 1 change detected
2025-05-14 13:10:43,678 - watchfiles.main - INFO - 1 change detected
2025-05-14 13:10:44,038 - watchfiles.main - INFO - 1 change detected
2025-05-14 13:10:44,404 - watchfiles.main - INFO - 1 change detected
2025-05-14 13:10:44,769 - watchfiles.main - INFO - 1 change detected
2025-05-14 13:10:45,132 - watchfiles.main - INFO - 1 change detected
2025-05-14 13:10:45,548 - watchfiles.main - INFO - 1 change detected
2025-05-14 13:10:45,957 - watchfiles.main - INFO - 1 change detected
2025-05-14 13:10:46,318 - watchfiles.main - INFO - 1 change detected
2025-05-14 13:10:46,683 - watchfiles.main - INFO - 1 change detected
2025-05-14 13:13:51,295 - watchfiles.main - INFO - 1 change detected
2025-05-14 13:13:53,345 - git_watcher - INFO - Inicializálás: https://github.com/gabor00/Szakdoga2025
2025-05-14 13:13:53,346 - git_watcher - INFO - Repo útvonal validálva: /app/repo/cloned-repo
2025-05-14 13:13:53,347 - git_watcher - INFO - Git repo sikeresen inicializálva. Aktív branch: master
2025-05-14 13:13:53,446 - watchfiles.main - INFO - 6 changes detected
2025-05-14 13:13:53,463 - git_watcher - INFO - Inicializálás: https://github.com/gabor00/Szakdoga2025
2025-05-14 13:13:53,464 - git_watcher - INFO - Repo útvonal validálva: /app/repo/cloned-repo
2025-05-14 13:13:53,468 - git_watcher - INFO - Git repo sikeresen inicializálva. Aktív branch: master
2025-05-14 13:13:53,487 - main - INFO - Deployment Engine starting up...
2025-05-14 13:13:53,488 - main - ERROR - Startup error: 'GitWatcher' object has no attribute 'start'
2025-05-14 13:13:53,807 - watchfiles.main - INFO - 1 change detected
2025-05-14 13:13:54,164 - watchfiles.main - INFO - 1 change detected
2025-05-14 13:13:54,521 - watchfiles.main - INFO - 1 change detected
2025-05-14 13:13:54,891 - watchfiles.main - INFO - 1 change detected
2025-05-14 13:13:55,244 - watchfiles.main - INFO - 1 change detected
2025-05-14 13:13:55,652 - watchfiles.main - INFO - 1 change detected
2025-05-14 13:13:56,055 - watchfiles.main - INFO - 1 change detected
2025-05-14 13:13:56,471 - watchfiles.main - INFO - 1 change detected
2025-05-14 13:13:56,834 - watchfiles.main - INFO - 1 change detected
2025-05-14 13:13:57,342 - watchfiles.main - INFO - 1 change detected
2025-05-14 13:13:57,700 - watchfiles.main - INFO - 1 change detected
2025-05-14 13:13:58,060 - watchfiles.main - INFO - 1 change detected
2025-05-14 13:13:58,873 - watchfiles.main - INFO - 1 change detected
2025-05-14 13:13:59,231 - watchfiles.main - INFO - 1 change detected
2025-05-14 13:13:59,587 - watchfiles.main - INFO - 1 change detected
2025-05-14 13:13:59,942 - watchfiles.main - INFO - 1 change detected
2025-05-14 13:14:00,450 - watchfiles.main - INFO - 1 change detected
2025-05-14 13:14:00,810 - watchfiles.main - INFO - 1 change detected
2025-05-14 13:14:01,165 - watchfiles.main - INFO - 1 change detected
2025-05-14 13:14:01,621 - watchfiles.main - INFO - 1 change detected
2025-05-14 13:14:01,985 - watchfiles.main - INFO - 1 change detected
2025-05-14 13:14:02,338 - watchfiles.main - INFO - 1 change detected
2025-05-14 13:14:02,792 - watchfiles.main - INFO - 1 change detected
2025-05-14 13:14:03,155 - watchfiles.main - INFO - 1 change detected
2025-05-14 13:14:03,714 - watchfiles.main - INFO - 1 change detected
2025-05-14 13:14:04,067 - watchfiles.main - INFO - 1 change detected
2025-05-14 13:14:04,425 - watchfiles.main - INFO - 1 change detected
2025-05-14 13:14:04,779 - watchfiles.main - INFO - 1 change detected
2025-05-14 13:14:05,131 - watchfiles.main - INFO - 1 change detected
2025-05-14 13:14:05,536 - watchfiles.main - INFO - 1 change detected
2025-05-14 13:14:05,888 - watchfiles.main - INFO - 1 change detected
2025-05-14 13:14:06,495 - watchfiles.main - INFO - 1 change detected
2025-05-14 13:14:06,860 - watchfiles.main - INFO - 1 change detected
2025-05-14 13:14:07,233 - watchfiles.main - INFO - 1 change detected
2025-05-14 13:14:07,897 - watchfiles.main - INFO - 1 change detected
2025-05-14 13:14:08,256 - watchfiles.main - INFO - 1 change detected
2025-05-14 13:14:08,614 - watchfiles.main - INFO - 1 change detected
2025-05-14 13:14:08,970 - watchfiles.main - INFO - 1 change detected
2025-05-14 13:14:09,487 - watchfiles.main - INFO - 1 change detected
2025-05-14 13:14:09,850 - watchfiles.main - INFO - 1 change detected
2025-05-14 13:14:10,305 - watchfiles.main - INFO - 1 change detected
2025-05-14 13:14:10,668 - watchfiles.main - INFO - 1 change detected
2025-05-14 13:14:11,474 - watchfiles.main - INFO - 1 change detected
2025-05-14 13:14:11,835 - watchfiles.main - INFO - 1 change detected
2025-05-14 13:14:12,388 - watchfiles.main - INFO - 1 change detected
2025-05-14 13:14:12,742 - watchfiles.main - INFO - 1 change detected
2025-05-14 13:14:13,095 - watchfiles.main - INFO - 1 change detected
2025-05-14 13:14:13,601 - watchfiles.main - INFO - 1 change detected
2025-05-14 13:14:13,957 - watchfiles.main - INFO - 1 change detected
2025-05-14 13:14:14,324 - watchfiles.main - INFO - 1 change detected
2025-05-14 13:14:14,690 - watchfiles.main - INFO - 1 change detected
2025-05-14 13:14:15,047 - watchfiles.main - INFO - 1 change detected
2025-05-14 13:14:15,505 - watchfiles.main - INFO - 1 change detected
2025-05-14 13:14:15,868 - watchfiles.main - INFO - 1 change detected
2025-05-14 13:14:16,224 - watchfiles.main - INFO - 1 change detected
2025-05-14 13:14:16,580 - watchfiles.main - INFO - 1 change detected
2025-05-14 13:14:16,936 - watchfiles.main - INFO - 1 change detected
2025-05-14 13:14:17,293 - watchfiles.main - INFO - 1 change detected
2025-05-14 13:14:17,646 - watchfiles.main - INFO - 1 change detected
2025-05-14 13:14:18,000 - watchfiles.main - INFO - 1 change detected
2025-05-14 13:14:18,356 - watchfiles.main - INFO - 1 change detected
2025-05-14 13:14:18,862 - watchfiles.main - INFO - 1 change detected
2025-05-14 13:14:19,220 - watchfiles.main - INFO - 1 change detected
2025-05-14 13:14:19,575 - watchfiles.main - INFO - 1 change detected
2025-05-14 13:14:19,932 - watchfiles.main - INFO - 1 change detected
2025-05-14 13:14:20,289 - watchfiles.main - INFO - 1 change detected
2025-05-14 13:14:20,645 - watchfiles.main - INFO - 1 change detected
2025-05-14 13:14:21,055 - watchfiles.main - INFO - 1 change detected
2025-05-14 13:14:21,457 - watchfiles.main - INFO - 1 change detected
2025-05-14 13:14:21,823 - watchfiles.main - INFO - 1 change detected
2025-05-14 13:14:22,177 - watchfiles.main - INFO - 1 change detected
2025-05-14 13:14:22,533 - watchfiles.main - INFO - 1 change detected
2025-05-14 13:14:22,890 - watchfiles.main - INFO - 1 change detected
2025-05-14 13:14:23,245 - watchfiles.main - INFO - 1 change detected
2025-05-14 13:14:23,596 - watchfiles.main - INFO - 1 change detected
2025-05-14 13:14:24,005 - watchfiles.main - INFO - 1 change detected
2025-05-14 13:14:24,371 - watchfiles.main - INFO - 1 change detected
2025-05-14 13:14:24,723 - watchfiles.main - INFO - 1 change detected
2025-05-14 13:14:25,127 - watchfiles.main - INFO - 1 change detected
2025-05-14 13:14:25,491 - watchfiles.main - INFO - 1 change detected
2025-05-14 13:14:25,849 - watchfiles.main - INFO - 1 change detected
2025-05-14 13:14:26,203 - watchfiles.main - INFO - 1 change detected
2025-05-14 13:14:26,609 - watchfiles.main - INFO - 1 change detected
2025-05-14 13:14:26,975 - watchfiles.main - INFO - 1 change detected
2025-05-14 13:14:27,330 - watchfiles.main - INFO - 1 change detected
2025-05-14 13:14:27,686 - watchfiles.main - INFO - 1 change detected
2025-05-14 13:14:28,043 - watchfiles.main - INFO - 1 change detected
2025-05-14 13:14:28,396 - watchfiles.main - INFO - 1 change detected
2025-05-14 13:14:28,752 - watchfiles.main - INFO - 1 change detected
2025-05-14 13:14:29,158 - watchfiles.main - INFO - 1 change detected
2025-05-14 13:14:29,522 - watchfiles.main - INFO - 1 change detected
2025-05-14 13:14:29,877 - watchfiles.main - INFO - 1 change detected
2025-05-14 13:14:30,687 - watchfiles.main - INFO - 1 change detected
2025-05-14 13:14:31,051 - watchfiles.main - INFO - 1 change detected
2025-05-14 13:14:31,604 - watchfiles.main - INFO - 1 change detected
2025-05-14 13:14:31,958 - watchfiles.main - INFO - 1 change detected
2025-05-14 13:14:32,312 - watchfiles.main - INFO - 1 change detected
2025-05-14 13:14:32,664 - watchfiles.main - INFO - 1 change detected
2025-05-14 13:14:33,019 - watchfiles.main - INFO - 1 change detected
2025-05-14 13:14:33,522 - watchfiles.main - INFO - 1 change detected
2025-05-14 13:14:33,887 - watchfiles.main - INFO - 1 change detected
2025-05-14 13:14:34,242 - watchfiles.main - INFO - 1 change detected
2025-05-14 13:14:34,595 - watchfiles.main - INFO - 1 change detected
2025-05-14 13:14:34,961 - watchfiles.main - INFO - 1 change detected
2025-05-14 13:14:35,516 - watchfiles.main - INFO - 1 change detected
2025-05-14 13:14:35,883 - watchfiles.main - INFO - 1 change detected
2025-05-14 13:14:36,235 - watchfiles.main - INFO - 1 change detected
2025-05-14 13:14:36,590 - watchfiles.main - INFO - 1 change detected
2025-05-14 13:14:36,945 - watchfiles.main - INFO - 1 change detected
2025-05-14 13:14:37,301 - watchfiles.main - INFO - 1 change detected
2025-05-14 13:14:37,655 - watchfiles.main - INFO - 1 change detected
2025-05-14 13:14:38,059 - watchfiles.main - INFO - 1 change detected
2025-05-14 13:14:38,462 - watchfiles.main - INFO - 1 change detected
2025-05-14 13:14:38,815 - watchfiles.main - INFO - 1 change detected
2025-05-14 13:14:39,173 - watchfiles.main - INFO - 2 changes detected
2025-05-14 13:14:39,538 - watchfiles.main - INFO - 1 change detected
2025-05-14 13:14:39,891 - watchfiles.main - INFO - 1 change detected
2025-05-14 13:14:40,258 - watchfiles.main - INFO - 1 change detected
2025-05-14 13:14:40,611 - watchfiles.main - INFO - 1 change detected
2025-05-14 13:14:41,419 - watchfiles.main - INFO - 1 change detected
2025-05-14 13:14:41,772 - watchfiles.main - INFO - 1 change detected
2025-05-14 13:14:42,327 - watchfiles.main - INFO - 1 change detected
2025-05-14 13:14:42,685 - watchfiles.main - INFO - 1 change detected
2025-05-14 13:14:43,043 - watchfiles.main - INFO - 1 change detected
2025-05-14 13:14:43,400 - watchfiles.main - INFO - 1 change detected
2025-05-14 13:14:43,755 - watchfiles.main - INFO - 1 change detected
2025-05-14 13:14:44,113 - watchfiles.main - INFO - 1 change detected
2025-05-14 13:14:44,566 - watchfiles.main - INFO - 1 change detected
2025-05-14 13:14:44,928 - watchfiles.main - INFO - 1 change detected
2025-05-14 13:14:45,539 - watchfiles.main - INFO - 1 change detected
2025-05-14 13:14:45,893 - watchfiles.main - INFO - 1 change detected
2025-05-14 13:14:46,248 - watchfiles.main - INFO - 1 change detected
2025-05-14 13:14:46,604 - watchfiles.main - INFO - 1 change detected
2025-05-14 13:14:46,959 - watchfiles.main - INFO - 1 change detected
2025-05-14 13:14:47,516 - watchfiles.main - INFO - 1 change detected
2025-05-14 13:14:47,871 - watchfiles.main - INFO - 1 change detected
2025-05-14 13:14:48,227 - watchfiles.main - INFO - 1 change detected
2025-05-14 13:14:48,583 - watchfiles.main - INFO - 1 change detected
2025-05-14 13:14:48,935 - watchfiles.main - INFO - 1 change detected
2025-05-14 13:14:49,393 - watchfiles.main - INFO - 1 change detected
2025-05-14 13:14:49,752 - watchfiles.main - INFO - 1 change detected
2025-05-14 13:14:50,109 - watchfiles.main - INFO - 1 change detected
2025-05-14 13:14:50,464 - watchfiles.main - INFO - 1 change detected
2025-05-14 13:14:50,819 - watchfiles.main - INFO - 1 change detected
2025-05-14 13:14:51,172 - watchfiles.main - INFO - 1 change detected
2025-05-14 13:14:51,576 - watchfiles.main - INFO - 1 change detected
2025-05-14 13:14:51,940 - watchfiles.main - INFO - 1 change detected
2025-05-14 13:14:52,498 - watchfiles.main - INFO - 1 change detected
2025-05-14 13:14:52,855 - watchfiles.main - INFO - 1 change detected
2025-05-14 13:14:53,209 - watchfiles.main - INFO - 1 change detected
2025-05-14 13:14:53,765 - watchfiles.main - INFO - 1 change detected
2025-05-14 13:14:54,123 - watchfiles.main - INFO - 1 change detected
2025-05-14 13:14:54,678 - watchfiles.main - INFO - 1 change detected
2025-05-14 13:14:55,034 - watchfiles.main - INFO - 1 change detected
2025-05-14 13:14:55,391 - watchfiles.main - INFO - 1 change detected
2025-05-14 13:14:55,998 - watchfiles.main - INFO - 1 change detected
2025-05-14 13:14:56,351 - watchfiles.main - INFO - 1 change detected
2025-05-14 13:14:56,704 - watchfiles.main - INFO - 1 change detected
2025-05-14 13:14:57,059 - watchfiles.main - INFO - 1 change detected
2025-05-14 13:14:57,563 - watchfiles.main - INFO - 1 change detected
2025-05-14 13:14:57,975 - watchfiles.main - INFO - 1 change detected
2025-05-14 13:14:58,380 - watchfiles.main - INFO - 1 change detected
2025-05-14 13:14:58,895 - watchfiles.main - INFO - 1 change detected
2025-05-14 13:14:59,306 - watchfiles.main - INFO - 1 change detected
2025-05-14 13:14:59,708 - watchfiles.main - INFO - 1 change detected
2025-05-14 13:15:00,073 - watchfiles.main - INFO - 1 change detected
2025-05-14 13:15:00,527 - watchfiles.main - INFO - 1 change detected
2025-05-14 13:15:00,891 - watchfiles.main - INFO - 1 change detected
2025-05-14 13:15:01,244 - watchfiles.main - INFO - 1 change detected
2025-05-14 13:15:02,053 - watchfiles.main - INFO - 1 change detected
2025-05-14 13:15:02,407 - watchfiles.main - INFO - 1 change detected
2025-05-14 13:15:02,762 - watchfiles.main - INFO - 1 change detected
2025-05-14 13:15:03,121 - watchfiles.main - INFO - 1 change detected
2025-05-14 13:15:03,576 - watchfiles.main - INFO - 1 change detected
2025-05-14 13:15:03,940 - watchfiles.main - INFO - 1 change detected
2025-05-14 13:15:04,298 - watchfiles.main - INFO - 1 change detected
2025-05-14 13:15:04,653 - watchfiles.main - INFO - 1 change detected
2025-05-14 13:15:05,007 - watchfiles.main - INFO - 1 change detected
2025-05-14 13:15:05,463 - watchfiles.main - INFO - 1 change detected
2025-05-14 13:15:05,825 - watchfiles.main - INFO - 1 change detected
2025-05-14 13:15:06,181 - watchfiles.main - INFO - 1 change detected
2025-05-14 13:15:06,588 - watchfiles.main - INFO - 1 change detected
2025-05-14 13:15:06,952 - watchfiles.main - INFO - 1 change detected
2025-05-14 13:17:53,837 - watchfiles.main - INFO - 1 change detected
2025-05-14 13:17:55,088 - watchfiles.main - INFO - 5 changes detected
2025-05-14 13:17:55,263 - git_watcher - INFO - Inicializálás: https://github.com/gabor00/Szakdoga2025
2025-05-14 13:17:55,263 - git_watcher - INFO - Repo útvonal validálva: /app/repo/cloned-repo
2025-05-14 13:17:55,265 - git_watcher - INFO - Git repo sikeresen inicializálva. Aktív branch: master
2025-05-14 13:17:55,357 - git_watcher - INFO - Inicializálás: https://github.com/gabor00/Szakdoga2025
2025-05-14 13:17:55,357 - git_watcher - INFO - Repo útvonal validálva: /app/repo/cloned-repo
2025-05-14 13:17:55,359 - git_watcher - INFO - Git repo sikeresen inicializálva. Aktív branch: master
2025-05-14 13:17:55,365 - main - INFO - Deployment Engine starting up...
2025-05-14 13:17:55,365 - main - ERROR - Startup error: 'GitWatcher' object has no attribute 'start'
2025-05-14 13:17:55,446 - watchfiles.main - INFO - 1 change detected
2025-05-14 13:17:55,799 - watchfiles.main - INFO - 1 change detected
2025-05-14 13:17:56,152 - watchfiles.main - INFO - 1 change detected
2025-05-14 13:17:56,559 - watchfiles.main - INFO - 1 change detected
2025-05-14 13:17:57,076 - watchfiles.main - INFO - 1 change detected
2025-05-14 13:17:57,481 - watchfiles.main - INFO - 1 change detected
2025-05-14 13:17:57,888 - watchfiles.main - INFO - 1 change detected
2025-05-14 13:17:58,441 - watchfiles.main - INFO - 1 change detected
2025-05-14 13:17:58,848 - watchfiles.main - INFO - 1 change detected
2025-05-14 13:17:59,211 - watchfiles.main - INFO - 1 change detected
2025-05-14 13:17:59,566 - watchfiles.main - INFO - 1 change detected
2025-05-14 13:19:09,812 - watchfiles.main - INFO - 1 change detected
2025-05-14 13:19:10,682 - watchfiles.main - INFO - 5 changes detected
2025-05-14 13:19:10,827 - docker_manager - INFO - Successfully connected to Docker daemon
2025-05-14 13:19:10,828 - git_watcher - INFO - Inicializálás: https://github.com/gabor00/Szakdoga2025
2025-05-14 13:19:10,829 - git_watcher - INFO - Repo útvonal validálva: /app/repo/cloned-repo
2025-05-14 13:19:10,831 - git_watcher - INFO - Git repo sikeresen inicializálva. Aktív branch: master
2025-05-14 13:19:10,942 - docker_manager - INFO - Successfully connected to Docker daemon
2025-05-14 13:19:10,943 - git_watcher - INFO - Inicializálás: https://github.com/gabor00/Szakdoga2025
2025-05-14 13:19:10,944 - git_watcher - INFO - Repo útvonal validálva: /app/repo/cloned-repo
2025-05-14 13:19:10,946 - git_watcher - INFO - Git repo sikeresen inicializálva. Aktív branch: master
2025-05-14 13:19:10,954 - main - INFO - Deployment Engine starting up...
2025-05-14 13:19:10,955 - main - ERROR - Startup error: 'GitWatcher' object has no attribute 'start'
2025-05-14 13:19:11,044 - watchfiles.main - INFO - 1 change detected
2025-05-14 13:19:11,396 - watchfiles.main - INFO - 1 change detected
2025-05-14 13:19:11,754 - watchfiles.main - INFO - 1 change detected
2025-05-14 13:19:12,161 - watchfiles.main - INFO - 1 change detected
2025-05-14 13:19:12,563 - watchfiles.main - INFO - 1 change detected
2025-05-14 13:19:13,077 - watchfiles.main - INFO - 1 change detected
2025-05-14 13:19:13,484 - watchfiles.main - INFO - 1 change detected
2025-05-14 13:19:13,887 - watchfiles.main - INFO - 1 change detected
2025-05-14 13:19:14,253 - watchfiles.main - INFO - 1 change detected
2025-05-14 13:19:14,709 - watchfiles.main - INFO - 1 change detected
2025-05-14 13:19:15,124 - watchfiles.main - INFO - 1 change detected
2025-05-14 13:19:15,488 - watchfiles.main - INFO - 1 change detected
2025-05-14 13:19:15,842 - watchfiles.main - INFO - 1 change detected
2025-05-14 13:19:16,650 - watchfiles.main - INFO - 1 change detected
2025-05-14 13:19:17,012 - watchfiles.main - INFO - 1 change detected
2025-05-14 13:19:17,570 - watchfiles.main - INFO - 1 change detected
2025-05-14 13:19:17,924 - watchfiles.main - INFO - 1 change detected
2025-05-14 13:19:18,283 - watchfiles.main - INFO - 1 change detected
2025-05-14 13:19:18,649 - watchfiles.main - INFO - 1 change detected
2025-05-14 13:19:19,005 - watchfiles.main - INFO - 1 change detected
2025-05-14 13:19:19,613 - watchfiles.main - INFO - 1 change detected
2025-05-14 13:19:19,968 - watchfiles.main - INFO - 1 change detected
2025-05-14 13:19:20,525 - watchfiles.main - INFO - 1 change detected
2025-05-14 13:19:20,882 - watchfiles.main - INFO - 1 change detected
2025-05-14 13:19:21,241 - watchfiles.main - INFO - 1 change detected
2025-05-14 13:19:21,597 - watchfiles.main - INFO - 1 change detected
2025-05-14 13:19:21,953 - watchfiles.main - INFO - 1 change detected
2025-05-14 13:19:22,308 - watchfiles.main - INFO - 1 change detected
2025-05-14 13:19:22,664 - watchfiles.main - INFO - 1 change detected
2025-05-14 13:19:23,019 - watchfiles.main - INFO - 1 change detected
2025-05-14 13:19:23,424 - watchfiles.main - INFO - 1 change detected
2025-05-14 13:19:23,777 - watchfiles.main - INFO - 1 change detected
2025-05-14 13:19:24,234 - watchfiles.main - INFO - 1 change detected
2025-05-14 13:19:24,648 - watchfiles.main - INFO - 1 change detected
2025-05-14 13:19:25,049 - watchfiles.main - INFO - 1 change detected
2025-05-14 13:19:25,453 - watchfiles.main - INFO - 1 change detected
2025-05-14 13:19:25,906 - watchfiles.main - INFO - 1 change detected
2025-05-14 13:19:26,319 - watchfiles.main - INFO - 1 change detected
2025-05-14 13:19:26,720 - watchfiles.main - INFO - 1 change detected
2025-05-14 13:19:27,085 - watchfiles.main - INFO - 1 change detected
2025-05-14 13:19:27,441 - watchfiles.main - INFO - 1 change detected
2025-05-14 13:19:28,249 - watchfiles.main - INFO - 1 change detected
2025-05-14 13:19:28,613 - watchfiles.main - INFO - 1 change detected
2025-05-14 13:19:28,966 - watchfiles.main - INFO - 1 change detected
2025-05-14 13:19:29,322 - watchfiles.main - INFO - 1 change detected
2025-05-14 13:19:29,826 - watchfiles.main - INFO - 1 change detected
2025-05-14 13:19:30,186 - watchfiles.main - INFO - 1 change detected
2025-05-14 13:19:30,539 - watchfiles.main - INFO - 1 change detected
2025-05-14 13:19:30,894 - watchfiles.main - INFO - 1 change detected
2025-05-14 13:19:31,248 - watchfiles.main - INFO - 1 change detected
2025-05-14 13:19:31,702 - watchfiles.main - INFO - 1 change detected
2025-05-14 13:19:32,063 - watchfiles.main - INFO - 1 change detected
2025-05-14 13:19:32,621 - watchfiles.main - INFO - 1 change detected
2025-05-14 13:19:32,976 - watchfiles.main - INFO - 1 change detected
2025-05-14 13:19:33,331 - watchfiles.main - INFO - 1 change detected
2025-05-14 13:19:33,837 - watchfiles.main - INFO - 1 change detected
2025-05-14 13:19:34,195 - watchfiles.main - INFO - 1 change detected
2025-05-14 13:19:34,551 - watchfiles.main - INFO - 1 change detected
2025-05-14 13:19:34,903 - watchfiles.main - INFO - 1 change detected
2025-05-14 13:19:35,359 - watchfiles.main - INFO - 1 change detected
2025-05-14 13:19:35,720 - watchfiles.main - INFO - 1 change detected
2025-05-14 13:19:36,075 - watchfiles.main - INFO - 1 change detected
2025-05-14 13:19:36,427 - watchfiles.main - INFO - 1 change detected
2025-05-14 13:19:36,782 - watchfiles.main - INFO - 1 change detected
2025-05-14 13:19:37,288 - watchfiles.main - INFO - 1 change detected
2025-05-14 13:19:37,648 - watchfiles.main - INFO - 1 change detected
2025-05-14 13:19:38,002 - watchfiles.main - INFO - 1 change detected
2025-05-14 13:19:38,358 - watchfiles.main - INFO - 1 change detected
2025-05-14 13:19:38,713 - watchfiles.main - INFO - 1 change detected
2025-05-14 13:19:39,067 - watchfiles.main - INFO - 1 change detected
2025-05-14 13:19:39,521 - watchfiles.main - INFO - 1 change detected
2025-05-14 13:19:39,884 - watchfiles.main - INFO - 1 change detected
2025-05-14 13:19:40,239 - watchfiles.main - INFO - 1 change detected
2025-05-14 13:19:40,743 - watchfiles.main - INFO - 1 change detected
2025-05-14 13:19:41,153 - watchfiles.main - INFO - 1 change detected
2025-05-14 13:19:41,519 - watchfiles.main - INFO - 1 change detected
2025-05-14 13:19:42,329 - watchfiles.main - INFO - 1 change detected
2025-05-14 13:19:42,695 - watchfiles.main - INFO - 1 change detected
2025-05-14 13:19:43,200 - watchfiles.main - INFO - 1 change detected
2025-05-14 13:19:43,561 - watchfiles.main - INFO - 1 change detected
2025-05-14 13:19:43,965 - watchfiles.main - INFO - 1 change detected
2025-05-14 13:19:44,331 - watchfiles.main - INFO - 1 change detected
2025-05-14 13:25:54,348 - watchfiles.main - INFO - 6 changes detected
2025-05-14 13:25:56,343 - __mp_main__ - INFO - Docker kliens sikeresen inicializálva
2025-05-14 13:25:56,344 - git_watcher - INFO - Inicializálás: https://github.com/gabor00/Szakdoga2025
2025-05-14 13:25:56,344 - git_watcher - INFO - Repo útvonal validálva: /app/repo/cloned-repo
2025-05-14 13:25:56,347 - git_watcher - INFO - Git repo sikeresen inicializálva. Aktív branch: master
2025-05-14 13:25:56,347 - __mp_main__ - INFO - Git Watcher sikeresen inicializálva: https://github.com/gabor00/Szakdoga2025
2025-05-14 13:25:56,414 - watchfiles.main - INFO - 1 change detected
2025-05-14 13:25:56,451 - main - INFO - Docker kliens sikeresen inicializálva
2025-05-14 13:25:56,452 - git_watcher - INFO - Inicializálás: https://github.com/gabor00/Szakdoga2025
2025-05-14 13:25:56,452 - git_watcher - INFO - Repo útvonal validálva: /app/repo/cloned-repo
2025-05-14 13:25:56,453 - git_watcher - INFO - Git repo sikeresen inicializálva. Aktív branch: master
2025-05-14 13:25:56,453 - main - INFO - Git Watcher sikeresen inicializálva: https://github.com/gabor00/Szakdoga2025
2025-05-14 13:25:56,776 - watchfiles.main - INFO - 6 changes detected
2025-05-14 13:25:57,178 - watchfiles.main - INFO - 1 change detected
2025-05-14 13:25:57,532 - watchfiles.main - INFO - 1 change detected
2025-05-14 13:26:02,472 - watchfiles.main - INFO - 1 change detected
2025-05-14 13:26:25,165 - watchfiles.main - INFO - 2 changes detected
2025-05-14 13:26:26,910 - __mp_main__ - INFO - Docker kliens sikeresen inicializálva
2025-05-14 13:26:26,911 - git_watcher - INFO - Inicializálás: https://github.com/gabor00/Szakdoga2025
2025-05-14 13:26:26,912 - git_watcher - INFO - Repo útvonal validálva: /app/repo/cloned-repo
2025-05-14 13:26:26,914 - git_watcher - INFO - Git repo sikeresen inicializálva. Aktív branch: master
2025-05-14 13:26:26,914 - __mp_main__ - INFO - Git Watcher sikeresen inicializálva: https://github.com/gabor00/Szakdoga2025
2025-05-14 13:26:26,963 - watchfiles.main - INFO - 1 change detected
2025-05-14 13:26:27,020 - main - INFO - Docker kliens sikeresen inicializálva
2025-05-14 13:26:27,021 - git_watcher - INFO - Inicializálás: https://github.com/gabor00/Szakdoga2025
2025-05-14 13:26:27,022 - git_watcher - INFO - Repo útvonal validálva: /app/repo/cloned-repo
2025-05-14 13:26:27,025 - git_watcher - INFO - Git repo sikeresen inicializálva. Aktív branch: master
2025-05-14 13:26:27,025 - main - INFO - Git Watcher sikeresen inicializálva: https://github.com/gabor00/Szakdoga2025
2025-05-14 13:26:27,323 - watchfiles.main - INFO - 1 change detected
2025-05-14 13:26:27,678 - watchfiles.main - INFO - 1 change detected
2025-05-14 13:26:28,033 - watchfiles.main - INFO - 1 change detected
2025-05-14 13:26:28,488 - watchfiles.main - INFO - 1 change detected
2025-05-14 13:26:28,951 - watchfiles.main - INFO - 1 change detected
2025-05-14 13:26:29,315 - watchfiles.main - INFO - 1 change detected
2025-05-14 13:26:34,453 - watchfiles.main - INFO - 1 change detected
2025-05-14 13:26:34,816 - watchfiles.main - INFO - 1 change detected
2025-05-14 13:26:35,271 - watchfiles.main - INFO - 1 change detected
2025-05-14 13:26:35,632 - watchfiles.main - INFO - 1 change detected
2025-05-14 13:26:35,985 - watchfiles.main - INFO - 1 change detected
2025-05-14 13:26:36,344 - watchfiles.main - INFO - 1 change detected
2025-05-14 13:26:36,699 - watchfiles.main - INFO - 1 change detected
2025-05-14 13:26:37,054 - watchfiles.main - INFO - 1 change detected
2025-05-14 13:26:37,410 - watchfiles.main - INFO - 1 change detected
2025-05-14 13:26:37,764 - watchfiles.main - INFO - 1 change detected
2025-05-14 13:26:38,119 - watchfiles.main - INFO - 1 change detected
2025-05-14 13:26:38,475 - watchfiles.main - INFO - 1 change detected
2025-05-14 13:26:39,032 - watchfiles.main - INFO - 1 change detected
2025-05-14 13:26:39,437 - watchfiles.main - INFO - 1 change detected
2025-05-14 13:26:39,852 - watchfiles.main - INFO - 1 change detected
2025-05-14 13:26:40,217 - watchfiles.main - INFO - 1 change detected
2025-05-14 13:26:40,622 - watchfiles.main - INFO - 1 change detected
2025-05-14 13:26:41,036 - watchfiles.main - INFO - 1 change detected
2025-05-14 13:26:41,402 - watchfiles.main - INFO - 1 change detected
2025-05-14 13:26:41,756 - watchfiles.main - INFO - 1 change detected
2025-05-14 13:27:00,854 - watchfiles.main - INFO - 1 change detected
2025-05-14 13:27:01,208 - watchfiles.main - INFO - 1 change detected
2025-05-14 13:27:01,563 - watchfiles.main - INFO - 1 change detected
2025-05-14 13:27:01,917 - watchfiles.main - INFO - 1 change detected
2025-05-14 13:27:02,274 - watchfiles.main - INFO - 1 change detected
2025-05-14 13:27:02,627 - watchfiles.main - INFO - 1 change detected
2025-05-14 13:27:02,981 - watchfiles.main - INFO - 1 change detected
2025-05-14 13:27:03,337 - watchfiles.main - INFO - 1 change detected
2025-05-14 13:27:03,693 - watchfiles.main - INFO - 1 change detected
2025-05-14 13:27:04,100 - watchfiles.main - INFO - 1 change detected
2025-05-14 13:27:04,504 - watchfiles.main - INFO - 1 change detected
2025-05-14 13:27:04,870 - watchfiles.main - INFO - 1 change detected
2025-05-14 13:27:05,223 - watchfiles.main - INFO - 1 change detected
2025-05-14 13:27:17,267 - watchfiles.main - INFO - 6 changes detected
2025-05-14 13:29:35,210 - watchfiles.main - INFO - 6 changes detected
2025-05-14 13:29:36,151 - watchfiles.main - INFO - 5 changes detected
2025-05-14 13:29:36,615 - __mp_main__ - INFO - Docker kliens sikeresen inicializálva
2025-05-14 13:29:36,615 - git_watcher - INFO - Inicializálás: https://github.com/gabor00/Szakdoga2025
2025-05-14 13:29:36,615 - git_watcher - INFO - Repo útvonal validálva: /app/repo/cloned-repo
2025-05-14 13:29:36,616 - git_watcher - INFO - Git repo sikeresen inicializálva. Aktív branch: master
2025-05-14 13:29:36,616 - __mp_main__ - INFO - Git Watcher sikeresen inicializálva: https://github.com/gabor00/Szakdoga2025
2025-05-14 13:29:36,658 - watchfiles.main - INFO - 1 change detected
2025-05-14 13:29:36,712 - main - INFO - Docker kliens sikeresen inicializálva
2025-05-14 13:29:36,712 - git_watcher - INFO - Inicializálás: https://github.com/gabor00/Szakdoga2025
2025-05-14 13:29:36,713 - git_watcher - INFO - Repo útvonal validálva: /app/repo/cloned-repo
2025-05-14 13:29:36,714 - git_watcher - INFO - Git repo sikeresen inicializálva. Aktív branch: master
2025-05-14 13:29:36,714 - main - INFO - Git Watcher sikeresen inicializálva: https://github.com/gabor00/Szakdoga2025
2025-05-14 13:29:37,020 - watchfiles.main - INFO - 6 changes detected
2025-05-14 13:29:37,375 - watchfiles.main - INFO - 1 change detected
2025-05-14 13:29:37,729 - watchfiles.main - INFO - 1 change detected
2025-05-14 13:29:38,086 - watchfiles.main - INFO - 1 change detected
2025-05-14 13:29:38,593 - watchfiles.main - INFO - 1 change detected
2025-05-14 13:29:38,948 - watchfiles.main - INFO - 1 change detected
2025-05-14 13:29:39,407 - watchfiles.main - INFO - 1 change detected
2025-05-14 13:29:39,770 - watchfiles.main - INFO - 1 change detected
2025-05-14 13:29:40,125 - watchfiles.main - INFO - 1 change detected
2025-05-14 13:29:40,479 - watchfiles.main - INFO - 1 change detected
2025-05-14 13:29:40,832 - watchfiles.main - INFO - 1 change detected
2025-05-14 13:29:41,288 - watchfiles.main - INFO - 1 change detected
2025-05-14 13:29:41,650 - watchfiles.main - INFO - 1 change detected
2025-05-14 13:29:42,005 - watchfiles.main - INFO - 1 change detected
2025-05-14 13:29:42,462 - watchfiles.main - INFO - 1 change detected
2025-05-14 13:29:42,876 - watchfiles.main - INFO - 1 change detected
2025-05-14 13:29:43,342 - watchfiles.main - INFO - 1 change detected
2025-05-14 13:29:43,752 - watchfiles.main - INFO - 1 change detected
2025-05-14 13:29:44,117 - watchfiles.main - INFO - 1 change detected
2025-05-14 13:29:44,472 - watchfiles.main - INFO - 1 change detected
2025-05-14 13:29:44,826 - watchfiles.main - INFO - 1 change detected
2025-05-14 13:29:45,179 - watchfiles.main - INFO - 1 change detected
2025-05-14 13:29:45,544 - watchfiles.main - INFO - 1 change detected
2025-05-14 13:29:45,902 - watchfiles.main - INFO - 1 change detected
2025-05-14 13:29:46,256 - watchfiles.main - INFO - 1 change detected
2025-05-14 13:29:46,814 - watchfiles.main - INFO - 1 change detected
2025-05-14 13:29:47,170 - watchfiles.main - INFO - 1 change detected
2025-05-14 13:29:47,523 - watchfiles.main - INFO - 1 change detected
2025-05-14 13:29:47,876 - watchfiles.main - INFO - 1 change detected
2025-05-14 13:29:48,233 - watchfiles.main - INFO - 1 change detected
2025-05-14 13:29:48,736 - watchfiles.main - INFO - 1 change detected
2025-05-14 13:29:49,089 - watchfiles.main - INFO - 1 change detected
2025-05-14 13:29:49,494 - watchfiles.main - INFO - 1 change detected
2025-05-14 13:29:49,946 - watchfiles.main - INFO - 1 change detected
2025-05-14 13:29:50,308 - watchfiles.main - INFO - 1 change detected
2025-05-14 13:29:54,943 - watchfiles.main - INFO - 1 change detected
2025-05-14 13:29:55,297 - watchfiles.main - INFO - 1 change detected
2025-05-14 13:29:55,664 - watchfiles.main - INFO - 1 change detected
2025-05-14 13:29:56,029 - watchfiles.main - INFO - 1 change detected
2025-05-14 13:29:56,395 - watchfiles.main - INFO - 1 change detected
2025-05-14 13:29:56,757 - watchfiles.main - INFO - 1 change detected
2025-05-14 13:29:57,210 - watchfiles.main - INFO - 1 change detected
2025-05-14 13:29:57,571 - watchfiles.main - INFO - 1 change detected
2025-05-14 13:29:57,927 - watchfiles.main - INFO - 1 change detected
2025-05-14 13:29:58,284 - watchfiles.main - INFO - 1 change detected
2025-05-14 13:29:58,638 - watchfiles.main - INFO - 1 change detected
2025-05-14 13:29:58,994 - watchfiles.main - INFO - 1 change detected
2025-05-14 13:29:59,347 - watchfiles.main - INFO - 1 change detected
2025-05-14 13:29:59,704 - watchfiles.main - INFO - 1 change detected
2025-05-14 13:30:00,059 - watchfiles.main - INFO - 1 change detected
2025-05-14 13:30:00,464 - watchfiles.main - INFO - 1 change detected
2025-05-14 13:30:00,867 - watchfiles.main - INFO - 1 change detected
2025-05-14 13:30:01,282 - watchfiles.main - INFO - 1 change detected
2025-05-14 13:30:01,685 - watchfiles.main - INFO - 1 change detected
2025-05-14 13:30:02,102 - watchfiles.main - INFO - 1 change detected
2025-05-14 13:30:02,467 - watchfiles.main - INFO - 1 change detected
2025-05-14 13:30:03,276 - watchfiles.main - INFO - 1 change detected
2025-05-14 13:30:03,628 - watchfiles.main - INFO - 1 change detected
2025-05-14 13:30:03,980 - watchfiles.main - INFO - 1 change detected
2025-05-14 13:30:04,336 - watchfiles.main - INFO - 1 change detected
2025-05-14 13:30:04,793 - watchfiles.main - INFO - 1 change detected
2025-05-14 13:30:05,151 - watchfiles.main - INFO - 1 change detected
2025-05-14 13:30:05,504 - watchfiles.main - INFO - 1 change detected
2025-05-14 13:30:05,906 - watchfiles.main - INFO - 1 change detected
2025-05-14 13:30:06,272 - watchfiles.main - INFO - 1 change detected
2025-05-14 13:30:06,830 - watchfiles.main - INFO - 1 change detected
2025-05-14 13:30:07,187 - watchfiles.main - INFO - 1 change detected
2025-05-14 13:30:07,541 - watchfiles.main - INFO - 1 change detected
2025-05-14 13:30:08,147 - watchfiles.main - INFO - 1 change detected
2025-05-14 13:30:08,512 - watchfiles.main - INFO - 1 change detected
2025-05-14 13:30:08,867 - watchfiles.main - INFO - 1 change detected
2025-05-14 13:30:09,224 - watchfiles.main - INFO - 1 change detected
2025-05-14 13:30:09,681 - watchfiles.main - INFO - 1 change detected
2025-05-14 13:30:10,041 - watchfiles.main - INFO - 1 change detected
2025-05-14 13:30:10,496 - watchfiles.main - INFO - 1 change detected
2025-05-14 13:30:10,912 - watchfiles.main - INFO - 1 change detected
2025-05-14 13:30:11,278 - watchfiles.main - INFO - 1 change detected
2025-05-14 13:30:11,635 - watchfiles.main - INFO - 1 change detected
2025-05-14 13:31:22,399 - watchfiles.main - INFO - 1 change detected
2025-05-14 13:31:22,755 - watchfiles.main - INFO - 1 change detected
2025-05-14 13:31:23,373 - watchfiles.main - INFO - 1 change detected
2025-05-14 13:31:23,726 - watchfiles.main - INFO - 1 change detected
2025-05-14 13:31:24,078 - watchfiles.main - INFO - 1 change detected
2025-05-14 13:31:24,435 - watchfiles.main - INFO - 1 change detected
2025-05-14 13:31:24,787 - watchfiles.main - INFO - 1 change detected
2025-05-14 13:31:25,241 - watchfiles.main - INFO - 1 change detected
2025-05-14 13:31:25,603 - watchfiles.main - INFO - 1 change detected
2025-05-14 13:31:26,364 - watchfiles.main - INFO - 1 change detected
2025-05-14 13:31:27,195 - watchfiles.main - INFO - 1 change detected
2025-05-14 13:31:27,553 - watchfiles.main - INFO - 1 change detected
2025-05-14 13:31:27,922 - watchfiles.main - INFO - 1 change detected
2025-05-14 13:31:28,292 - watchfiles.main - INFO - 1 change detected
2025-05-14 13:31:28,656 - watchfiles.main - INFO - 1 change detected
2025-05-14 13:31:29,113 - watchfiles.main - INFO - 1 change detected
2025-05-14 13:31:29,478 - watchfiles.main - INFO - 1 change detected
2025-05-14 13:31:29,832 - watchfiles.main - INFO - 1 change detected
2025-05-14 13:31:30,191 - watchfiles.main - INFO - 1 change detected
2025-05-14 13:31:30,543 - watchfiles.main - INFO - 1 change detected
2025-05-14 13:31:31,151 - watchfiles.main - INFO - 1 change detected
2025-05-14 13:31:31,514 - watchfiles.main - INFO - 1 change detected
2025-05-14 13:31:31,866 - watchfiles.main - INFO - 1 change detected
2025-05-14 13:31:32,231 - watchfiles.main - INFO - 1 change detected
2025-05-14 13:31:32,585 - watchfiles.main - INFO - 1 change detected
2025-05-14 13:31:32,951 - watchfiles.main - INFO - 1 change detected
2025-05-14 13:31:33,304 - watchfiles.main - INFO - 1 change detected
2025-05-14 13:31:33,657 - watchfiles.main - INFO - 1 change detected
2025-05-14 13:31:34,060 - watchfiles.main - INFO - 1 change detected
2025-05-14 13:31:34,425 - watchfiles.main - INFO - 1 change detected
2025-05-14 13:31:34,782 - watchfiles.main - INFO - 1 change detected
2025-05-14 13:31:35,137 - watchfiles.main - INFO - 1 change detected
2025-05-14 13:31:35,492 - watchfiles.main - INFO - 1 change detected
2025-05-14 13:31:35,846 - watchfiles.main - INFO - 1 change detected
2025-05-14 13:31:36,200 - watchfiles.main - INFO - 1 change detected
2025-05-14 13:31:36,555 - watchfiles.main - INFO - 1 change detected
2025-05-14 13:31:36,914 - watchfiles.main - INFO - 1 change detected
2025-05-14 13:31:37,318 - watchfiles.main - INFO - 1 change detected
2025-05-14 13:31:37,721 - watchfiles.main - INFO - 1 change detected
2025-05-14 13:31:38,083 - watchfiles.main - INFO - 1 change detected
2025-05-14 13:31:38,487 - watchfiles.main - INFO - 1 change detected
2025-05-14 13:31:38,902 - watchfiles.main - INFO - 1 change detected
2025-05-14 13:31:39,305 - watchfiles.main - INFO - 1 change detected
2025-05-14 13:31:39,706 - watchfiles.main - INFO - 1 change detected
2025-05-14 13:31:40,068 - watchfiles.main - INFO - 1 change detected
2025-05-14 13:31:40,424 - watchfiles.main - INFO - 1 change detected
2025-05-14 13:31:40,931 - watchfiles.main - INFO - 1 change detected
2025-05-14 13:31:41,341 - watchfiles.main - INFO - 1 change detected
2025-05-14 13:31:41,695 - watchfiles.main - INFO - 1 change detected
2025-05-14 13:31:42,502 - watchfiles.main - INFO - 1 change detected
2025-05-14 13:31:42,868 - watchfiles.main - INFO - 1 change detected
2025-05-14 13:31:43,222 - watchfiles.main - INFO - 1 change detected
2025-05-14 13:31:43,575 - watchfiles.main - INFO - 1 change detected
2025-05-14 13:31:44,030 - watchfiles.main - INFO - 1 change detected
2025-05-14 13:31:44,388 - watchfiles.main - INFO - 1 change detected
2025-05-14 13:31:44,742 - watchfiles.main - INFO - 1 change detected
2025-05-14 13:31:45,098 - watchfiles.main - INFO - 1 change detected
2025-05-14 13:31:45,464 - watchfiles.main - INFO - 1 change detected
2025-05-14 13:31:45,817 - watchfiles.main - INFO - 1 change detected
2025-05-14 13:31:46,222 - watchfiles.main - INFO - 1 change detected
2025-05-14 13:31:46,586 - watchfiles.main - INFO - 1 change detected
2025-05-14 13:31:47,090 - watchfiles.main - INFO - 1 change detected
2025-05-14 13:31:47,450 - watchfiles.main - INFO - 1 change detected
2025-05-14 13:31:47,805 - watchfiles.main - INFO - 1 change detected
2025-05-14 13:31:48,163 - watchfiles.main - INFO - 1 change detected
2025-05-14 13:31:48,518 - watchfiles.main - INFO - 1 change detected
2025-05-14 13:31:48,972 - watchfiles.main - INFO - 1 change detected
2025-05-14 13:31:49,337 - watchfiles.main - INFO - 1 change detected
2025-05-14 13:31:49,846 - watchfiles.main - INFO - 1 change detected
2025-05-14 13:31:50,201 - watchfiles.main - INFO - 1 change detected
2025-05-14 13:31:50,557 - watchfiles.main - INFO - 1 change detected
2025-05-14 13:31:50,912 - watchfiles.main - INFO - 1 change detected
2025-05-14 13:31:51,266 - watchfiles.main - INFO - 1 change detected
2025-05-14 13:31:51,626 - watchfiles.main - INFO - 1 change detected
2025-05-14 13:31:51,983 - watchfiles.main - INFO - 1 change detected
2025-05-14 13:31:52,344 - watchfiles.main - INFO - 1 change detected
2025-05-14 13:31:52,898 - watchfiles.main - INFO - 1 change detected
2025-05-14 13:31:53,254 - watchfiles.main - INFO - 1 change detected
2025-05-14 13:31:53,610 - watchfiles.main - INFO - 1 change detected
2025-05-14 13:31:53,964 - watchfiles.main - INFO - 1 change detected
2025-05-14 13:31:54,322 - watchfiles.main - INFO - 1 change detected
2025-05-14 13:31:54,932 - watchfiles.main - INFO - 1 change detected
2025-05-14 13:31:55,297 - watchfiles.main - INFO - 1 change detected
2025-05-14 13:31:55,754 - watchfiles.main - INFO - 1 change detected
2025-05-14 13:31:56,117 - watchfiles.main - INFO - 1 change detected
2025-05-14 13:31:56,474 - watchfiles.main - INFO - 1 change detected
2025-05-14 13:31:56,831 - watchfiles.main - INFO - 1 change detected
2025-05-14 13:31:57,185 - watchfiles.main - INFO - 1 change detected
2025-05-14 13:31:57,642 - watchfiles.main - INFO - 1 change detected
2025-05-14 13:31:58,004 - watchfiles.main - INFO - 1 change detected
2025-05-14 13:31:58,362 - watchfiles.main - INFO - 1 change detected
2025-05-14 13:31:58,715 - watchfiles.main - INFO - 1 change detected
2025-05-14 13:31:59,271 - watchfiles.main - INFO - 1 change detected
2025-05-14 13:31:59,630 - watchfiles.main - INFO - 1 change detected
2025-05-14 13:31:59,987 - watchfiles.main - INFO - 1 change detected
2025-05-14 13:32:00,391 - watchfiles.main - INFO - 1 change detected
2025-05-14 13:32:00,746 - watchfiles.main - INFO - 1 change detected
2025-05-14 13:32:01,302 - watchfiles.main - INFO - 1 change detected
2025-05-14 13:32:01,655 - watchfiles.main - INFO - 1 change detected
2025-05-14 13:32:02,163 - watchfiles.main - INFO - 1 change detected
2025-05-14 13:32:02,521 - watchfiles.main - INFO - 1 change detected
2025-05-14 13:32:02,880 - watchfiles.main - INFO - 1 change detected
2025-05-14 13:32:03,287 - watchfiles.main - INFO - 1 change detected
2025-05-14 13:32:03,641 - watchfiles.main - INFO - 1 change detected
2025-05-14 13:32:03,993 - watchfiles.main - INFO - 1 change detected
2025-05-14 13:32:04,348 - watchfiles.main - INFO - 1 change detected
2025-05-14 13:33:33,969 - watchfiles.main - INFO - 1 change detected
2025-05-14 13:33:34,335 - watchfiles.main - INFO - 1 change detected
2025-05-14 13:33:34,699 - watchfiles.main - INFO - 1 change detected
2025-05-14 13:33:35,065 - watchfiles.main - INFO - 1 change detected
2025-05-14 13:33:35,580 - watchfiles.main - INFO - 1 change detected
2025-05-14 13:33:35,945 - watchfiles.main - INFO - 1 change detected
2025-05-14 13:33:36,510 - watchfiles.main - INFO - 1 change detected
2025-05-14 13:33:37,017 - watchfiles.main - INFO - 1 change detected
2025-05-14 13:33:37,427 - watchfiles.main - INFO - 1 change detected
2025-05-14 13:33:37,840 - watchfiles.main - INFO - 1 change detected
2025-05-14 13:33:38,202 - watchfiles.main - INFO - 1 change detected
2025-05-14 13:33:38,657 - watchfiles.main - INFO - 1 change detected
2025-05-14 13:33:39,063 - watchfiles.main - INFO - 1 change detected
2025-05-14 13:33:39,471 - watchfiles.main - INFO - 1 change detected
2025-05-14 13:33:39,828 - watchfiles.main - INFO - 1 change detected
2025-05-14 13:33:40,637 - watchfiles.main - INFO - 1 change detected
2025-05-14 13:33:41,019 - watchfiles.main - INFO - 1 change detected
2025-05-14 13:33:41,683 - watchfiles.main - INFO - 1 change detected
2025-05-14 13:33:42,039 - watchfiles.main - INFO - 1 change detected
2025-05-14 13:33:42,424 - watchfiles.main - INFO - 1 change detected
2025-05-14 13:33:42,944 - watchfiles.main - INFO - 1 change detected
2025-05-14 13:33:43,349 - watchfiles.main - INFO - 1 change detected
2025-05-14 13:33:43,722 - watchfiles.main - INFO - 1 change detected
2025-05-14 13:33:44,095 - watchfiles.main - INFO - 1 change detected
2025-05-14 13:33:44,922 - watchfiles.main - INFO - 1 change detected
2025-05-14 13:33:45,283 - watchfiles.main - INFO - 1 change detected
2025-05-14 13:33:45,635 - watchfiles.main - INFO - 1 change detected
2025-05-14 13:33:45,990 - watchfiles.main - INFO - 1 change detected
2025-05-14 13:33:46,344 - watchfiles.main - INFO - 1 change detected
2025-05-14 13:33:46,702 - watchfiles.main - INFO - 1 change detected
2025-05-14 13:33:47,057 - watchfiles.main - INFO - 1 change detected
2025-05-14 13:33:47,414 - watchfiles.main - INFO - 1 change detected
2025-05-14 13:33:47,767 - watchfiles.main - INFO - 1 change detected
2025-05-14 13:33:48,123 - watchfiles.main - INFO - 1 change detected
2025-05-14 13:33:48,480 - watchfiles.main - INFO - 1 change detected
2025-05-14 13:33:48,836 - watchfiles.main - INFO - 1 change detected
2025-05-14 13:33:49,241 - watchfiles.main - INFO - 1 change detected
2025-05-14 13:33:49,642 - watchfiles.main - INFO - 1 change detected
2025-05-14 13:33:50,045 - watchfiles.main - INFO - 1 change detected
2025-05-14 13:33:50,449 - watchfiles.main - INFO - 1 change detected
2025-05-14 13:33:50,853 - watchfiles.main - INFO - 1 change detected
2025-05-14 13:33:51,267 - watchfiles.main - INFO - 1 change detected
2025-05-14 13:33:51,670 - watchfiles.main - INFO - 1 change detected
2025-05-14 13:33:52,122 - watchfiles.main - INFO - 1 change detected
2025-05-14 13:33:52,483 - watchfiles.main - INFO - 1 change detected
2025-05-14 13:33:52,837 - watchfiles.main - INFO - 1 change detected
2025-05-14 13:33:53,644 - watchfiles.main - INFO - 1 change detected
2025-05-14 13:33:54,008 - watchfiles.main - INFO - 1 change detected
2025-05-14 13:33:54,366 - watchfiles.main - INFO - 1 change detected
2025-05-14 13:33:54,721 - watchfiles.main - INFO - 1 change detected
2025-05-14 13:33:55,076 - watchfiles.main - INFO - 1 change detected
2025-05-14 13:33:55,432 - watchfiles.main - INFO - 1 change detected
2025-05-14 13:33:55,793 - watchfiles.main - INFO - 1 change detected
2025-05-14 13:33:56,148 - watchfiles.main - INFO - 1 change detected
2025-05-14 13:33:56,654 - watchfiles.main - INFO - 1 change detected
2025-05-14 13:33:57,015 - watchfiles.main - INFO - 1 change detected
2025-05-14 13:33:57,423 - watchfiles.main - INFO - 1 change detected
2025-05-14 13:33:57,776 - watchfiles.main - INFO - 1 change detected
2025-05-14 13:33:58,141 - watchfiles.main - INFO - 1 change detected
2025-05-14 13:33:58,550 - watchfiles.main - INFO - 1 change detected
2025-05-14 13:33:58,910 - watchfiles.main - INFO - 1 change detected
2025-05-14 13:33:59,465 - watchfiles.main - INFO - 1 change detected
2025-05-14 13:33:59,818 - watchfiles.main - INFO - 1 change detected
2025-05-14 13:34:00,183 - watchfiles.main - INFO - 1 change detected
2025-05-14 13:34:00,537 - watchfiles.main - INFO - 1 change detected
2025-05-14 13:34:00,902 - watchfiles.main - INFO - 1 change detected
2025-05-14 13:34:01,253 - watchfiles.main - INFO - 1 change detected
2025-05-14 13:34:01,608 - watchfiles.main - INFO - 1 change detected
2025-05-14 13:34:01,964 - watchfiles.main - INFO - 1 change detected
2025-05-14 13:34:02,365 - watchfiles.main - INFO - 1 change detected
2025-05-14 13:34:02,767 - watchfiles.main - INFO - 1 change detected
2025-05-14 13:34:03,129 - watchfiles.main - INFO - 1 change detected
2025-05-14 13:34:03,483 - watchfiles.main - INFO - 1 change detected
2025-05-14 13:34:03,836 - watchfiles.main - INFO - 1 change detected
2025-05-14 13:34:04,191 - watchfiles.main - INFO - 1 change detected
2025-05-14 13:34:04,542 - watchfiles.main - INFO - 1 change detected
2025-05-14 13:34:04,899 - watchfiles.main - INFO - 1 change detected
2025-05-14 13:34:05,353 - watchfiles.main - INFO - 1 change detected
2025-05-14 13:34:05,758 - watchfiles.main - INFO - 1 change detected
2025-05-14 13:34:06,124 - watchfiles.main - INFO - 1 change detected
2025-05-14 13:34:06,478 - watchfiles.main - INFO - 1 change detected
2025-05-14 13:34:07,286 - watchfiles.main - INFO - 1 change detected
2025-05-14 13:34:07,656 - watchfiles.main - INFO - 1 change detected
2025-05-14 13:34:08,223 - watchfiles.main - INFO - 1 change detected
2025-05-14 13:34:08,579 - watchfiles.main - INFO - 1 change detected
2025-05-14 13:34:08,985 - watchfiles.main - INFO - 1 change detected
2025-05-14 13:34:09,348 - watchfiles.main - INFO - 1 change detected
2025-05-14 13:34:09,855 - watchfiles.main - INFO - 1 change detected
2025-05-14 13:34:10,212 - watchfiles.main - INFO - 1 change detected
2025-05-14 13:34:10,569 - watchfiles.main - INFO - 1 change detected
2025-05-14 13:34:10,976 - watchfiles.main - INFO - 1 change detected
2025-05-14 13:34:11,329 - watchfiles.main - INFO - 1 change detected
2025-05-14 13:34:11,885 - watchfiles.main - INFO - 1 change detected
2025-05-14 13:34:12,238 - watchfiles.main - INFO - 1 change detected
2025-05-14 13:34:12,592 - watchfiles.main - INFO - 1 change detected
2025-05-14 13:34:12,949 - watchfiles.main - INFO - 1 change detected
2025-05-14 13:34:13,304 - watchfiles.main - INFO - 1 change detected
2025-05-14 13:34:13,862 - watchfiles.main - INFO - 1 change detected
2025-05-14 13:34:14,218 - watchfiles.main - INFO - 1 change detected
2025-05-14 13:34:14,572 - watchfiles.main - INFO - 1 change detected
2025-05-14 13:34:14,928 - watchfiles.main - INFO - 1 change detected
2025-05-14 13:34:15,382 - watchfiles.main - INFO - 1 change detected
2025-05-14 13:34:15,745 - watchfiles.main - INFO - 1 change detected
2025-05-14 13:34:16,203 - watchfiles.main - INFO - 1 change detected
2025-05-14 13:34:16,619 - watchfiles.main - INFO - 1 change detected
2025-05-14 13:34:17,025 - watchfiles.main - INFO - 1 change detected
2025-05-14 13:34:17,379 - watchfiles.main - INFO - 1 change detected
2025-05-14 13:34:17,732 - watchfiles.main - INFO - 1 change detected
2025-05-14 13:34:18,087 - watchfiles.main - INFO - 1 change detected
2025-05-14 13:34:18,453 - watchfiles.main - INFO - 1 change detected
2025-05-14 13:34:18,809 - watchfiles.main - INFO - 1 change detected
2025-05-14 13:34:19,163 - watchfiles.main - INFO - 1 change detected
2025-05-14 13:34:19,516 - watchfiles.main - INFO - 1 change detected
2025-05-14 13:34:19,872 - watchfiles.main - INFO - 1 change detected
2025-05-14 13:34:20,228 - watchfiles.main - INFO - 1 change detected
2025-05-14 13:34:20,684 - watchfiles.main - INFO - 1 change detected
2025-05-14 13:34:21,098 - watchfiles.main - INFO - 1 change detected
2025-05-14 13:34:21,451 - watchfiles.main - INFO - 1 change detected
2025-05-14 13:34:22,261 - watchfiles.main - INFO - 1 change detected
2025-05-14 13:34:22,623 - watchfiles.main - INFO - 1 change detected
2025-05-14 13:34:22,979 - watchfiles.main - INFO - 1 change detected
2025-05-14 13:34:23,332 - watchfiles.main - INFO - 1 change detected
2025-05-14 13:34:23,690 - watchfiles.main - INFO - 1 change detected
2025-05-14 13:34:24,044 - watchfiles.main - INFO - 1 change detected
2025-05-14 13:34:24,400 - watchfiles.main - INFO - 1 change detected
2025-05-14 13:34:24,757 - watchfiles.main - INFO - 1 change detected
2025-05-14 13:34:25,211 - watchfiles.main - INFO - 1 change detected
2025-05-14 13:34:25,571 - watchfiles.main - INFO - 1 change detected
2025-05-14 13:34:25,976 - watchfiles.main - INFO - 1 change detected
2025-05-14 13:34:26,340 - watchfiles.main - INFO - 1 change detected
2025-05-14 13:38:56,203 - watchfiles.main - INFO - 1 change detected
2025-05-14 13:38:56,569 - watchfiles.main - INFO - 1 change detected
2025-05-14 13:38:56,923 - watchfiles.main - INFO - 1 change detected
2025-05-14 13:38:57,278 - watchfiles.main - INFO - 1 change detected
2025-05-14 13:38:57,645 - watchfiles.main - INFO - 1 change detected
2025-05-14 13:38:58,003 - watchfiles.main - INFO - 1 change detected
2025-05-14 13:38:58,462 - watchfiles.main - INFO - 1 change detected
2025-05-14 13:38:58,819 - watchfiles.main - INFO - 1 change detected
2025-05-14 13:38:59,184 - watchfiles.main - INFO - 1 change detected
2025-05-14 13:38:59,538 - watchfiles.main - INFO - 1 change detected
2025-05-14 13:38:59,893 - watchfiles.main - INFO - 1 change detected
2025-05-14 13:39:00,258 - watchfiles.main - INFO - 1 change detected
2025-05-14 13:39:00,624 - watchfiles.main - INFO - 1 change detected
2025-05-14 13:39:00,977 - watchfiles.main - INFO - 1 change detected
2025-05-14 13:39:01,330 - watchfiles.main - INFO - 1 change detected
2025-05-14 13:39:01,683 - watchfiles.main - INFO - 1 change detected
2025-05-14 13:39:02,039 - watchfiles.main - INFO - 1 change detected
2025-05-14 13:39:02,397 - watchfiles.main - INFO - 1 change detected
2025-05-14 13:39:02,749 - watchfiles.main - INFO - 1 change detected
2025-05-14 13:39:03,105 - watchfiles.main - INFO - 1 change detected
2025-05-14 13:39:03,460 - watchfiles.main - INFO - 1 change detected
2025-05-14 13:39:03,814 - watchfiles.main - INFO - 1 change detected
2025-05-14 13:39:04,173 - watchfiles.main - INFO - 1 change detected
2025-05-14 13:39:04,526 - watchfiles.main - INFO - 1 change detected
2025-05-14 13:39:04,882 - watchfiles.main - INFO - 1 change detected
2025-05-14 13:39:05,239 - watchfiles.main - INFO - 1 change detected
2025-05-14 13:39:05,597 - watchfiles.main - INFO - 1 change detected
2025-05-14 13:39:05,955 - watchfiles.main - INFO - 1 change detected
2025-05-14 13:39:06,308 - watchfiles.main - INFO - 1 change detected
2025-05-14 13:39:06,665 - watchfiles.main - INFO - 1 change detected
2025-05-14 13:39:07,022 - watchfiles.main - INFO - 1 change detected
2025-05-14 13:39:07,375 - watchfiles.main - INFO - 1 change detected
2025-05-14 13:39:07,732 - watchfiles.main - INFO - 1 change detected
2025-05-14 13:39:08,088 - watchfiles.main - INFO - 1 change detected
2025-05-14 13:39:08,439 - watchfiles.main - INFO - 1 change detected
2025-05-14 13:39:08,796 - watchfiles.main - INFO - 1 change detected
2025-05-14 13:39:09,153 - watchfiles.main - INFO - 1 change detected
2025-05-14 13:39:09,510 - watchfiles.main - INFO - 1 change detected
2025-05-14 13:39:09,865 - watchfiles.main - INFO - 1 change detected
2025-05-14 13:39:10,220 - watchfiles.main - INFO - 1 change detected
2025-05-14 13:39:10,580 - watchfiles.main - INFO - 1 change detected
2025-05-14 13:39:10,934 - watchfiles.main - INFO - 1 change detected
2025-05-14 13:39:11,291 - watchfiles.main - INFO - 1 change detected
2025-05-14 13:39:11,647 - watchfiles.main - INFO - 1 change detected
2025-05-14 13:39:12,004 - watchfiles.main - INFO - 1 change detected
2025-05-14 13:39:12,362 - watchfiles.main - INFO - 1 change detected
2025-05-14 13:39:12,714 - watchfiles.main - INFO - 1 change detected
2025-05-14 13:39:13,069 - watchfiles.main - INFO - 1 change detected
2025-05-14 13:39:13,426 - watchfiles.main - INFO - 1 change detected
2025-05-14 13:39:13,780 - watchfiles.main - INFO - 1 change detected
2025-05-14 13:39:14,135 - watchfiles.main - INFO - 1 change detected
2025-05-14 13:39:14,491 - watchfiles.main - INFO - 1 change detected
2025-05-14 13:39:14,846 - watchfiles.main - INFO - 1 change detected
2025-05-14 13:39:15,201 - watchfiles.main - INFO - 1 change detected
2025-05-14 13:39:15,559 - watchfiles.main - INFO - 1 change detected
2025-05-14 13:39:15,918 - watchfiles.main - INFO - 1 change detected
2025-05-14 13:39:16,272 - watchfiles.main - INFO - 1 change detected
2025-05-14 13:39:16,630 - watchfiles.main - INFO - 1 change detected
2025-05-14 13:39:16,987 - watchfiles.main - INFO - 1 change detected
2025-05-14 13:39:17,341 - watchfiles.main - INFO - 1 change detected
2025-05-14 13:39:17,695 - watchfiles.main - INFO - 1 change detected
2025-05-14 13:39:18,053 - watchfiles.main - INFO - 1 change detected
2025-05-14 13:39:18,407 - watchfiles.main - INFO - 1 change detected
2025-05-14 13:39:18,765 - watchfiles.main - INFO - 1 change detected
2025-05-14 13:39:19,117 - watchfiles.main - INFO - 1 change detected
2025-05-14 13:39:19,475 - watchfiles.main - INFO - 1 change detected
2025-05-14 13:39:19,831 - watchfiles.main - INFO - 1 change detected
2025-05-14 13:39:20,190 - watchfiles.main - INFO - 1 change detected
2025-05-14 13:39:20,545 - watchfiles.main - INFO - 1 change detected
2025-05-14 13:39:20,900 - watchfiles.main - INFO - 1 change detected
2025-05-14 13:39:21,256 - watchfiles.main - INFO - 1 change detected
2025-05-14 13:39:21,609 - watchfiles.main - INFO - 1 change detected
2025-05-14 13:39:21,964 - watchfiles.main - INFO - 1 change detected
2025-05-14 13:39:22,320 - watchfiles.main - INFO - 1 change detected
2025-05-14 13:39:22,671 - watchfiles.main - INFO - 1 change detected
2025-05-14 13:39:23,029 - watchfiles.main - INFO - 1 change detected
2025-05-14 13:39:23,383 - watchfiles.main - INFO - 1 change detected
2025-05-14 13:39:23,737 - watchfiles.main - INFO - 1 change detected
2025-05-14 13:39:24,093 - watchfiles.main - INFO - 1 change detected
2025-05-14 13:39:24,448 - watchfiles.main - INFO - 1 change detected
2025-05-14 13:39:24,804 - watchfiles.main - INFO - 1 change detected
2025-05-14 13:39:25,158 - watchfiles.main - INFO - 1 change detected
2025-05-14 13:39:25,513 - watchfiles.main - INFO - 1 change detected
2025-05-14 13:39:25,869 - watchfiles.main - INFO - 1 change detected
2025-05-14 13:39:26,235 - watchfiles.main - INFO - 1 change detected
2025-05-14 13:39:26,589 - watchfiles.main - INFO - 1 change detected
2025-05-14 13:39:26,943 - watchfiles.main - INFO - 1 change detected
2025-05-14 13:39:27,297 - watchfiles.main - INFO - 1 change detected
2025-05-14 13:39:27,650 - watchfiles.main - INFO - 1 change detected
2025-05-14 13:39:28,004 - watchfiles.main - INFO - 1 change detected
2025-05-14 13:39:28,362 - watchfiles.main - INFO - 1 change detected
2025-05-14 13:39:28,717 - watchfiles.main - INFO - 1 change detected
2025-05-14 13:39:29,073 - watchfiles.main - INFO - 1 change detected
2025-05-14 13:39:29,427 - watchfiles.main - INFO - 1 change detected
2025-05-14 13:39:29,784 - watchfiles.main - INFO - 1 change detected
2025-05-14 13:39:30,141 - watchfiles.main - INFO - 1 change detected
2025-05-14 13:39:30,500 - watchfiles.main - INFO - 1 change detected
2025-05-14 13:39:30,856 - watchfiles.main - INFO - 1 change detected
2025-05-14 13:39:31,213 - watchfiles.main - INFO - 1 change detected
2025-05-14 13:39:31,572 - watchfiles.main - INFO - 1 change detected
2025-05-14 13:39:31,926 - watchfiles.main - INFO - 1 change detected
2025-05-14 13:39:32,282 - watchfiles.main - INFO - 1 change detected
2025-05-14 13:39:32,636 - watchfiles.main - INFO - 1 change detected
2025-05-14 13:39:32,991 - watchfiles.main - INFO - 1 change detected
2025-05-14 13:39:33,345 - watchfiles.main - INFO - 1 change detected
2025-05-14 13:39:33,700 - watchfiles.main - INFO - 1 change detected
2025-05-14 13:39:34,053 - watchfiles.main - INFO - 1 change detected
2025-05-14 13:39:34,406 - watchfiles.main - INFO - 1 change detected
2025-05-14 13:39:34,761 - watchfiles.main - INFO - 1 change detected
2025-05-14 13:39:35,115 - watchfiles.main - INFO - 1 change detected
2025-05-14 13:39:35,475 - watchfiles.main - INFO - 1 change detected
2025-05-14 13:39:35,827 - watchfiles.main - INFO - 1 change detected
2025-05-14 13:39:36,181 - watchfiles.main - INFO - 1 change detected
2025-05-14 13:39:36,535 - watchfiles.main - INFO - 1 change detected
2025-05-14 13:39:36,891 - watchfiles.main - INFO - 1 change detected
2025-05-14 13:39:37,248 - watchfiles.main - INFO - 1 change detected
2025-05-14 13:39:37,604 - watchfiles.main - INFO - 1 change detected
2025-05-14 13:39:37,960 - watchfiles.main - INFO - 1 change detected
2025-05-14 13:39:38,316 - watchfiles.main - INFO - 1 change detected
2025-05-14 13:39:38,674 - watchfiles.main - INFO - 1 change detected
2025-05-14 13:39:39,030 - watchfiles.main - INFO - 1 change detected
2025-05-14 13:39:39,385 - watchfiles.main - INFO - 1 change detected
2025-05-14 13:39:39,742 - watchfiles.main - INFO - 1 change detected
2025-05-14 13:39:40,097 - watchfiles.main - INFO - 1 change detected
2025-05-14 13:39:40,452 - watchfiles.main - INFO - 1 change detected
2025-05-14 13:39:40,805 - watchfiles.main - INFO - 1 change detected
2025-05-14 13:39:41,160 - watchfiles.main - INFO - 1 change detected
2025-05-14 13:39:41,513 - watchfiles.main - INFO - 1 change detected
2025-05-14 13:39:41,869 - watchfiles.main - INFO - 1 change detected
2025-05-14 13:39:42,222 - watchfiles.main - INFO - 1 change detected
2025-05-14 13:39:42,574 - watchfiles.main - INFO - 1 change detected
2025-05-14 13:39:42,930 - watchfiles.main - INFO - 1 change detected
2025-05-14 13:39:43,282 - watchfiles.main - INFO - 1 change detected
2025-05-14 13:39:43,636 - watchfiles.main - INFO - 1 change detected
2025-05-14 13:39:43,987 - watchfiles.main - INFO - 1 change detected
2025-05-14 13:39:44,341 - watchfiles.main - INFO - 1 change detected
2025-05-14 13:39:44,695 - watchfiles.main - INFO - 1 change detected
2025-05-14 13:39:45,060 - watchfiles.main - INFO - 1 change detected
2025-05-14 13:39:45,414 - watchfiles.main - INFO - 1 change detected
2025-05-14 13:39:45,767 - watchfiles.main - INFO - 1 change detected
2025-05-14 13:39:46,120 - watchfiles.main - INFO - 1 change detected
2025-05-14 13:39:46,472 - watchfiles.main - INFO - 1 change detected
2025-05-14 13:39:46,827 - watchfiles.main - INFO - 1 change detected
2025-05-14 13:39:47,183 - watchfiles.main - INFO - 1 change detected
2025-05-14 13:39:47,538 - watchfiles.main - INFO - 1 change detected
2025-05-14 13:39:47,892 - watchfiles.main - INFO - 1 change detected
2025-05-14 13:39:48,248 - watchfiles.main - INFO - 1 change detected
2025-05-14 13:39:48,602 - watchfiles.main - INFO - 1 change detected
2025-05-14 13:39:48,954 - watchfiles.main - INFO - 1 change detected
2025-05-14 13:39:49,313 - watchfiles.main - INFO - 1 change detected
2025-05-14 13:39:49,666 - watchfiles.main - INFO - 1 change detected
2025-05-14 13:39:50,023 - watchfiles.main - INFO - 1 change detected
2025-05-14 13:39:50,379 - watchfiles.main - INFO - 1 change detected
2025-05-14 13:39:50,738 - watchfiles.main - INFO - 1 change detected
2025-05-14 13:39:51,093 - watchfiles.main - INFO - 1 change detected
2025-05-14 13:39:51,448 - watchfiles.main - INFO - 1 change detected
2025-05-14 13:39:51,815 - watchfiles.main - INFO - 1 change detected
2025-05-14 13:39:52,170 - watchfiles.main - INFO - 1 change detected
2025-05-14 13:39:52,528 - watchfiles.main - INFO - 1 change detected
2025-05-14 13:39:52,893 - watchfiles.main - INFO - 1 change detected
2025-05-14 13:39:53,248 - watchfiles.main - INFO - 1 change detected
2025-05-14 13:39:53,607 - watchfiles.main - INFO - 1 change detected
2025-05-14 13:39:53,964 - watchfiles.main - INFO - 1 change detected
2025-05-14 13:39:54,322 - watchfiles.main - INFO - 1 change detected
2025-05-14 13:39:54,679 - watchfiles.main - INFO - 1 change detected
2025-05-14 13:39:55,035 - watchfiles.main - INFO - 1 change detected
2025-05-14 13:39:55,391 - watchfiles.main - INFO - 1 change detected
2025-05-14 13:39:55,747 - watchfiles.main - INFO - 1 change detected
2025-05-14 13:39:56,103 - watchfiles.main - INFO - 1 change detected
2025-05-14 13:39:56,455 - watchfiles.main - INFO - 1 change detected
2025-05-14 13:39:56,813 - watchfiles.main - INFO - 1 change detected
2025-05-14 13:39:57,170 - watchfiles.main - INFO - 1 change detected
2025-05-14 13:39:57,524 - watchfiles.main - INFO - 1 change detected
2025-05-14 13:39:57,878 - watchfiles.main - INFO - 1 change detected
2025-05-14 13:39:58,231 - watchfiles.main - INFO - 1 change detected
2025-05-14 13:39:58,587 - watchfiles.main - INFO - 1 change detected
2025-05-14 13:39:58,942 - watchfiles.main - INFO - 1 change detected
2025-05-14 13:39:59,295 - watchfiles.main - INFO - 1 change detected
2025-05-14 13:39:59,652 - watchfiles.main - INFO - 1 change detected
2025-05-14 13:40:00,009 - watchfiles.main - INFO - 1 change detected
2025-05-14 13:40:00,367 - watchfiles.main - INFO - 1 change detected
2025-05-14 13:40:00,721 - watchfiles.main - INFO - 1 change detected
2025-05-14 13:40:01,075 - watchfiles.main - INFO - 1 change detected
2025-05-14 13:40:01,431 - watchfiles.main - INFO - 1 change detected
2025-05-14 13:40:01,786 - watchfiles.main - INFO - 1 change detected
2025-05-14 13:40:02,146 - watchfiles.main - INFO - 1 change detected
2025-05-14 13:40:02,498 - watchfiles.main - INFO - 1 change detected
2025-05-14 13:40:02,852 - watchfiles.main - INFO - 1 change detected
2025-05-14 13:40:03,204 - watchfiles.main - INFO - 1 change detected
2025-05-14 13:40:03,556 - watchfiles.main - INFO - 1 change detected
2025-05-14 13:40:03,910 - watchfiles.main - INFO - 1 change detected
2025-05-14 13:40:04,262 - watchfiles.main - INFO - 1 change detected
2025-05-14 13:40:04,628 - watchfiles.main - INFO - 1 change detected
2025-05-14 13:40:04,979 - watchfiles.main - INFO - 1 change detected
2025-05-14 13:40:05,331 - watchfiles.main - INFO - 1 change detected
2025-05-14 13:40:05,684 - watchfiles.main - INFO - 1 change detected
2025-05-14 13:40:06,039 - watchfiles.main - INFO - 1 change detected
2025-05-14 13:40:06,392 - watchfiles.main - INFO - 1 change detected
2025-05-14 13:40:06,748 - watchfiles.main - INFO - 1 change detected
2025-05-14 13:40:07,105 - watchfiles.main - INFO - 1 change detected
2025-05-14 13:40:07,459 - watchfiles.main - INFO - 1 change detected
2025-05-14 13:40:07,814 - watchfiles.main - INFO - 1 change detected
2025-05-14 13:40:08,171 - watchfiles.main - INFO - 1 change detected
2025-05-14 13:40:08,527 - watchfiles.main - INFO - 1 change detected
2025-05-14 13:40:08,881 - watchfiles.main - INFO - 1 change detected
2025-05-14 13:40:09,236 - watchfiles.main - INFO - 1 change detected
2025-05-14 13:40:09,592 - watchfiles.main - INFO - 1 change detected
2025-05-14 13:40:09,945 - watchfiles.main - INFO - 1 change detected
2025-05-14 13:40:10,302 - watchfiles.main - INFO - 1 change detected
2025-05-14 13:40:10,655 - watchfiles.main - INFO - 1 change detected
2025-05-14 13:40:11,010 - watchfiles.main - INFO - 1 change detected
2025-05-14 13:40:11,365 - watchfiles.main - INFO - 1 change detected
2025-05-14 13:40:11,720 - watchfiles.main - INFO - 1 change detected
2025-05-14 13:40:12,073 - watchfiles.main - INFO - 1 change detected
2025-05-14 13:40:12,427 - watchfiles.main - INFO - 1 change detected
2025-05-14 13:40:12,779 - watchfiles.main - INFO - 1 change detected
2025-05-14 13:40:13,139 - watchfiles.main - INFO - 1 change detected
2025-05-14 13:40:13,496 - watchfiles.main - INFO - 1 change detected
2025-05-14 13:40:13,849 - watchfiles.main - INFO - 1 change detected
2025-05-14 13:40:14,208 - watchfiles.main - INFO - 1 change detected
2025-05-14 13:40:14,563 - watchfiles.main - INFO - 1 change detected
2025-05-14 13:40:14,921 - watchfiles.main - INFO - 1 change detected
2025-05-14 13:40:15,280 - watchfiles.main - INFO - 1 change detected
2025-05-14 13:40:15,633 - watchfiles.main - INFO - 1 change detected
2025-05-14 13:40:15,986 - watchfiles.main - INFO - 1 change detected
2025-05-14 13:40:16,338 - watchfiles.main - INFO - 1 change detected
2025-05-14 13:40:16,694 - watchfiles.main - INFO - 1 change detected
2025-05-14 13:40:17,053 - watchfiles.main - INFO - 1 change detected
2025-05-14 13:40:17,473 - watchfiles.main - INFO - 1 change detected
2025-05-14 13:40:17,844 - watchfiles.main - INFO - 1 change detected
2025-05-14 13:40:18,203 - watchfiles.main - INFO - 1 change detected
2025-05-14 13:40:18,554 - watchfiles.main - INFO - 1 change detected
2025-05-14 13:40:18,908 - watchfiles.main - INFO - 1 change detected
2025-05-14 13:40:19,266 - watchfiles.main - INFO - 1 change detected
2025-05-14 13:40:19,623 - watchfiles.main - INFO - 1 change detected
2025-05-14 13:40:19,979 - watchfiles.main - INFO - 1 change detected
2025-05-14 13:40:20,336 - watchfiles.main - INFO - 1 change detected
2025-05-14 13:40:20,690 - watchfiles.main - INFO - 1 change detected
2025-05-14 13:40:21,045 - watchfiles.main - INFO - 1 change detected
2025-05-14 13:40:21,403 - watchfiles.main - INFO - 1 change detected
2025-05-14 13:40:21,758 - watchfiles.main - INFO - 1 change detected
2025-05-14 13:40:22,112 - watchfiles.main - INFO - 1 change detected
2025-05-14 13:40:22,467 - watchfiles.main - INFO - 1 change detected
2025-05-14 13:40:22,822 - watchfiles.main - INFO - 1 change detected
2025-05-14 13:40:23,174 - watchfiles.main - INFO - 1 change detected
2025-05-14 13:40:23,531 - watchfiles.main - INFO - 1 change detected
2025-05-14 13:40:23,886 - watchfiles.main - INFO - 1 change detected
2025-05-14 13:40:24,239 - watchfiles.main - INFO - 1 change detected
2025-05-14 13:40:24,594 - watchfiles.main - INFO - 1 change detected
2025-05-14 13:40:24,947 - watchfiles.main - INFO - 1 change detected
2025-05-14 13:40:25,300 - watchfiles.main - INFO - 1 change detected
2025-05-14 13:40:25,654 - watchfiles.main - INFO - 1 change detected
2025-05-14 13:40:26,005 - watchfiles.main - INFO - 1 change detected
